INFO  time: initialize in 0.76s
WARN  no build tool detected in workspace '/Users/smurtazin/Programming/Go/Proj1'. The most common cause for this problem is that the editor was opened in the wrong working directory, for example if you use sbt then the workspace directory should contain build.sbt. 
WARN  no build target: /Users/smurtazin/Programming/Go/Proj1/ScalaFunc2Tuple.scala
INFO  no build target: using presentation compiler with only scala-library
WARN  no build tool detected in workspace '/Users/smurtazin/Programming/Go/Proj1'. The most common cause for this problem is that the editor was opened in the wrong working directory, for example if you use sbt then the workspace directory should contain build.sbt. 
WARN  no build tool detected in workspace '/Users/smurtazin/Programming/Go/Proj1'. The most common cause for this problem is that the editor was opened in the wrong working directory, for example if you use sbt then the workspace directory should contain build.sbt. 
WARN  no build tool detected in workspace '/Users/smurtazin/Programming/Go/Proj1'. The most common cause for this problem is that the editor was opened in the wrong working directory, for example if you use sbt then the workspace directory should contain build.sbt. 
WARN  no build tool detected in workspace '/Users/smurtazin/Programming/Go/Proj1'. The most common cause for this problem is that the editor was opened in the wrong working directory, for example if you use sbt then the workspace directory should contain build.sbt. 
WARN  no build tool detected in workspace '/Users/smurtazin/Programming/Go/Proj1'. The most common cause for this problem is that the editor was opened in the wrong working directory, for example if you use sbt then the workspace directory should contain build.sbt. 
something's wrong: no file:///Users/smurtazin/Programming/Go/Proj1/ScalaFunc2Tuple.scala in F[<error>]RangePosition(file:///Users/smurtazin/Programming/Go/Proj1/ScalaFunc2Tuple.scala, 129, 129, 140)
something's wrong: no file:///Users/smurtazin/Programming/Go/Proj1/ScalaFunc2Tuple.scala in F[A]RangePosition(file:///Users/smurtazin/Programming/Go/Proj1/ScalaFunc2Tuple.scala, 129, 129, 133)
something's wrong: no file:///Users/smurtazin/Programming/Go/Proj1/ScalaFunc2Tuple.scala in F[A]RangePosition(file:///Users/smurtazin/Programming/Go/Proj1/ScalaFunc2Tuple.scala, 129, 129, 133)
something's wrong: no file:///Users/smurtazin/Programming/Go/Proj1/ScalaFunc2Tuple.scala in F[A]RangePosition(file:///Users/smurtazin/Programming/Go/Proj1/ScalaFunc2Tuple.scala, 129, 129, 133)
something's wrong: no file:///Users/smurtazin/Programming/Go/Proj1/ScalaFunc2Tuple.scala in F[<error>]RangePosition(file:///Users/smurtazin/Programming/Go/Proj1/ScalaFunc2Tuple.scala, 140, 140, 151)
something's wrong: no file:///Users/smurtazin/Programming/Go/Proj1/ScalaFunc2Tuple.scala in F[B]RangePosition(file:///Users/smurtazin/Programming/Go/Proj1/ScalaFunc2Tuple.scala, 140, 140, 144)
something's wrong: no file:///Users/smurtazin/Programming/Go/Proj1/ScalaFunc2Tuple.scala in F[<error>]RangePosition(file:///Users/smurtazin/Programming/Go/Proj1/ScalaFunc2Tuple.scala, 147, 147, 158)
something's wrong: no file:///Users/smurtazin/Programming/Go/Proj1/ScalaFunc2Tuple.scala in F[<error>]RangePosition(file:///Users/smurtazin/Programming/Go/Proj1/ScalaFunc2Tuple.scala, 147, 147, 160)
something's wrong: no file:///Users/smurtazin/Programming/Go/Proj1/ScalaFunc2Tuple.scala in F[A]RangePosition(file:///Users/smurtazin/Programming/Go/Proj1/ScalaFunc2Tuple.scala, 147, 147, 153)
something's wrong: no file:///Users/smurtazin/Programming/Go/Proj1/ScalaFunc2Tuple.scala in (A, <error>)RangePosition(file:///Users/smurtazin/Programming/Go/Proj1/ScalaFunc2Tuple.scala, 149, 149, 162)
something's wrong: no file:///Users/smurtazin/Programming/Go/Proj1/ScalaFunc2Tuple.scala in TupleF[<error>]RangePosition(file:///Users/smurtazin/Programming/Go/Proj1/ScalaFunc2Tuple.scala, 196, 196, 212)
something's wrong: no file:///Users/smurtazin/Programming/Go/Proj1/ScalaFunc2Tuple.scala in <error>RangePosition(file:///Users/smurtazin/Programming/Go/Proj1/ScalaFunc2Tuple.scala, 203, 203, 217)
something's wrong: no file:///Users/smurtazin/Programming/Go/Proj1/ScalaFunc2Tuple.scala in TupleF[<error>]RangePosition(file:///Users/smurtazin/Programming/Go/Proj1/ScalaFunc2Tuple.scala, 196, 196, 211)
something's wrong: no file:///Users/smurtazin/Programming/Go/Proj1/ScalaFunc2Tuple.scala in List[<error>]RangePosition(file:///Users/smurtazin/Programming/Go/Proj1/ScalaFunc2Tuple.scala, 236, 236, 250)
something's wrong: no file:///Users/smurtazin/Programming/Go/Proj1/ScalaFunc2Tuple.scala in List[A]RangePosition(file:///Users/smurtazin/Programming/Go/Proj1/ScalaFunc2Tuple.scala, 236, 236, 243)
something's wrong: no file:///Users/smurtazin/Programming/Go/Proj1/ScalaFunc2Tuple.scala in List[A]RangePosition(file:///Users/smurtazin/Programming/Go/Proj1/ScalaFunc2Tuple.scala, 236, 236, 243)
something's wrong: no file:///Users/smurtazin/Programming/Go/Proj1/ScalaFunc2Tuple.scala in List[A]RangePosition(file:///Users/smurtazin/Programming/Go/Proj1/ScalaFunc2Tuple.scala, 236, 236, 243)
something's wrong: no file:///Users/smurtazin/Programming/Go/Proj1/ScalaFunc2Tuple.scala in List[<error>]RangePosition(file:///Users/smurtazin/Programming/Go/Proj1/ScalaFunc2Tuple.scala, 250, 250, 264)
something's wrong: no file:///Users/smurtazin/Programming/Go/Proj1/ScalaFunc2Tuple.scala in List[B]RangePosition(file:///Users/smurtazin/Programming/Go/Proj1/ScalaFunc2Tuple.scala, 250, 250, 257)
something's wrong: no file:///Users/smurtazin/Programming/Go/Proj1/ScalaFunc2Tuple.scala in List[B]RangePosition(file:///Users/smurtazin/Programming/Go/Proj1/ScalaFunc2Tuple.scala, 250, 250, 257)
something's wrong: no file:///Users/smurtazin/Programming/Go/Proj1/ScalaFunc2Tuple.scala in List[B]RangePosition(file:///Users/smurtazin/Programming/Go/Proj1/ScalaFunc2Tuple.scala, 250, 250, 257)
something's wrong: no file:///Users/smurtazin/Programming/Go/Proj1/ScalaFunc2Tuple.scala in List[<error>]RangePosition(file:///Users/smurtazin/Programming/Go/Proj1/ScalaFunc2Tuple.scala, 260, 260, 274)
something's wrong: no file:///Users/smurtazin/Programming/Go/Proj1/ScalaFunc2Tuple.scala in List[<error>]RangePosition(file:///Users/smurtazin/Programming/Go/Proj1/ScalaFunc2Tuple.scala, 260, 260, 276)
something's wrong: no file:///Users/smurtazin/Programming/Go/Proj1/ScalaFunc2Tuple.scala in List[A]RangePosition(file:///Users/smurtazin/Programming/Go/Proj1/ScalaFunc2Tuple.scala, 260, 260, 269)
something's wrong: no file:///Users/smurtazin/Programming/Go/Proj1/ScalaFunc2Tuple.scala in (A, <error>)RangePosition(file:///Users/smurtazin/Programming/Go/Proj1/ScalaFunc2Tuple.scala, 265, 265, 278)
WARN  no build target: /Users/smurtazin/Programming/Go/Proj1/ScalaFunc2Tuple.scala
WARN  no build target: 
Downloading https://repo1.maven.org/maven2/org/scalameta/scalafmt-cli_2.12/2.0.0-RC4/scalafmt-cli_2.12-2.0.0-RC4.pom.sha1
Downloading https://repo1.maven.org/maven2/org/scalameta/scalafmt-cli_2.12/2.0.0-RC4/scalafmt-cli_2.12-2.0.0-RC4.pom
Downloading https://repo1.maven.org/maven2/org/scala-lang/scala-reflect/2.12.8/
Downloaded https://repo1.maven.org/maven2/org/scalameta/scalafmt-cli_2.12/2.0.0-RC4/scalafmt-cli_2.12-2.0.0-RC4.pom.sha1
Downloaded https://repo1.maven.org/maven2/org/scalameta/scalafmt-cli_2.12/2.0.0-RC4/scalafmt-cli_2.12-2.0.0-RC4.pom
Downloading https://repo1.maven.org/maven2/org/scalameta/scalafmt-cli_2.12/2.0.0-RC4/
Downloaded https://repo1.maven.org/maven2/org/scalameta/scalafmt-cli_2.12/2.0.0-RC4/
Downloaded https://repo1.maven.org/maven2/org/scala-lang/scala-reflect/2.12.8/
Downloading https://repo1.maven.org/maven2/com/martiansoftware/nailgun-server/0.9.1/nailgun-server-0.9.1.pom
Downloading https://repo1.maven.org/maven2/com/martiansoftware/nailgun-server/0.9.1/nailgun-server-0.9.1.pom.sha1
Downloading https://repo1.maven.org/maven2/com/googlecode/java-diff-utils/diffutils/1.3.0/
Downloading https://repo1.maven.org/maven2/org/scala-lang/scala-library/2.12.8/
Downloading https://repo1.maven.org/maven2/com/github/scopt/scopt_2.12/3.5.0/scopt_2.12-3.5.0.pom
Downloading https://repo1.maven.org/maven2/com/github/scopt/scopt_2.12/3.5.0/scopt_2.12-3.5.0.pom.sha1
Downloaded https://repo1.maven.org/maven2/com/googlecode/java-diff-utils/diffutils/1.3.0/
Downloaded https://repo1.maven.org/maven2/com/martiansoftware/nailgun-server/0.9.1/nailgun-server-0.9.1.pom
Downloading https://repo1.maven.org/maven2/org/scalameta/scalafmt-core_2.12/2.0.0-RC4/scalafmt-core_2.12-2.0.0-RC4.pom
Downloading https://repo1.maven.org/maven2/org/scalameta/scalafmt-interfaces/2.0.0-RC4/
Downloaded https://repo1.maven.org/maven2/com/martiansoftware/nailgun-server/0.9.1/nailgun-server-0.9.1.pom.sha1
Downloading https://repo1.maven.org/maven2/org/scalameta/scalafmt-core_2.12/2.0.0-RC4/scalafmt-core_2.12-2.0.0-RC4.pom.sha1
Downloaded https://repo1.maven.org/maven2/org/scalameta/scalafmt-core_2.12/2.0.0-RC4/scalafmt-core_2.12-2.0.0-RC4.pom
Downloaded https://repo1.maven.org/maven2/org/scalameta/scalafmt-core_2.12/2.0.0-RC4/scalafmt-core_2.12-2.0.0-RC4.pom.sha1
Downloading https://repo1.maven.org/maven2/com/martiansoftware/nailgun-server/0.9.1/
Downloading https://repo1.maven.org/maven2/org/scalameta/scalafmt-core_2.12/2.0.0-RC4/
Downloaded https://repo1.maven.org/maven2/org/scala-lang/scala-library/2.12.8/
Downloaded https://repo1.maven.org/maven2/org/scalameta/scalafmt-interfaces/2.0.0-RC4/
Downloaded https://repo1.maven.org/maven2/com/github/scopt/scopt_2.12/3.5.0/scopt_2.12-3.5.0.pom.sha1
Downloaded https://repo1.maven.org/maven2/com/martiansoftware/nailgun-server/0.9.1/
Downloaded https://repo1.maven.org/maven2/org/scalameta/scalafmt-core_2.12/2.0.0-RC4/
Downloaded https://repo1.maven.org/maven2/com/github/scopt/scopt_2.12/3.5.0/scopt_2.12-3.5.0.pom
Downloading https://repo1.maven.org/maven2/com/github/scopt/scopt_2.12/3.5.0/
Downloaded https://repo1.maven.org/maven2/com/github/scopt/scopt_2.12/3.5.0/
Downloading https://repo1.maven.org/maven2/com/martiansoftware/nailgun-all/0.9.1/nailgun-all-0.9.1.pom.sha1
Downloading https://repo1.maven.org/maven2/com/martiansoftware/nailgun-all/0.9.1/nailgun-all-0.9.1.pom
Downloading https://repo1.maven.org/maven2/org/sonatype/oss/oss-parent/7/
Downloaded https://repo1.maven.org/maven2/org/sonatype/oss/oss-parent/7/
Downloaded https://repo1.maven.org/maven2/com/martiansoftware/nailgun-all/0.9.1/nailgun-all-0.9.1.pom.sha1
Downloaded https://repo1.maven.org/maven2/com/martiansoftware/nailgun-all/0.9.1/nailgun-all-0.9.1.pom
Downloading https://repo1.maven.org/maven2/com/martiansoftware/nailgun-all/0.9.1/
Downloaded https://repo1.maven.org/maven2/com/martiansoftware/nailgun-all/0.9.1/
Downloading https://repo1.maven.org/maven2/org/scalameta/scalameta_2.12/4.0.0/scalameta_2.12-4.0.0.pom
Downloading https://repo1.maven.org/maven2/org/scalameta/scalameta_2.12/4.0.0/scalameta_2.12-4.0.0.pom.sha1
Downloading https://repo1.maven.org/maven2/com/geirsson/metaconfig-core_2.12/0.8.3/metaconfig-core_2.12-0.8.3.pom
Downloading https://repo1.maven.org/maven2/com/geirsson/metaconfig-core_2.12/0.8.3/metaconfig-core_2.12-0.8.3.pom.sha1
Downloading https://repo1.maven.org/maven2/com/geirsson/metaconfig-typesafe-config_2.12/0.8.3/metaconfig-typesafe-config_2.12-0.8.3.pom.sha1
Downloading https://repo1.maven.org/maven2/com/geirsson/metaconfig-typesafe-config_2.12/0.8.3/metaconfig-typesafe-config_2.12-0.8.3.pom
Downloaded https://repo1.maven.org/maven2/org/scalameta/scalameta_2.12/4.0.0/scalameta_2.12-4.0.0.pom
Downloaded https://repo1.maven.org/maven2/com/geirsson/metaconfig-core_2.12/0.8.3/metaconfig-core_2.12-0.8.3.pom
Downloaded https://repo1.maven.org/maven2/com/geirsson/metaconfig-core_2.12/0.8.3/metaconfig-core_2.12-0.8.3.pom.sha1
Downloaded https://repo1.maven.org/maven2/com/geirsson/metaconfig-typesafe-config_2.12/0.8.3/metaconfig-typesafe-config_2.12-0.8.3.pom
Downloaded https://repo1.maven.org/maven2/org/scalameta/scalameta_2.12/4.0.0/scalameta_2.12-4.0.0.pom.sha1
Downloading https://repo1.maven.org/maven2/com/geirsson/metaconfig-core_2.12/0.8.3/
Downloading https://repo1.maven.org/maven2/org/scalameta/scalameta_2.12/4.0.0/
Downloaded https://repo1.maven.org/maven2/com/geirsson/metaconfig-core_2.12/0.8.3/
Downloaded https://repo1.maven.org/maven2/org/scalameta/scalameta_2.12/4.0.0/
Downloaded https://repo1.maven.org/maven2/com/geirsson/metaconfig-typesafe-config_2.12/0.8.3/metaconfig-typesafe-config_2.12-0.8.3.pom.sha1
Downloading https://repo1.maven.org/maven2/com/geirsson/metaconfig-typesafe-config_2.12/0.8.3/
Downloaded https://repo1.maven.org/maven2/com/geirsson/metaconfig-typesafe-config_2.12/0.8.3/
Downloading https://repo1.maven.org/maven2/org/typelevel/paiges-core_2.12/0.2.0/paiges-core_2.12-0.2.0.pom
Downloading https://repo1.maven.org/maven2/org/typelevel/paiges-core_2.12/0.2.0/paiges-core_2.12-0.2.0.pom.sha1
Downloading https://repo1.maven.org/maven2/org/scalameta/trees_2.12/4.0.0/trees_2.12-4.0.0.pom
Downloading https://repo1.maven.org/maven2/org/scalameta/io_2.12/4.0.0/io_2.12-4.0.0.pom
Downloading https://repo1.maven.org/maven2/org/scalameta/trees_2.12/4.0.0/trees_2.12-4.0.0.pom.sha1
Downloading https://repo1.maven.org/maven2/org/scalameta/io_2.12/4.0.0/io_2.12-4.0.0.pom.sha1
Downloaded https://repo1.maven.org/maven2/org/typelevel/paiges-core_2.12/0.2.0/paiges-core_2.12-0.2.0.pom
Downloading https://repo1.maven.org/maven2/org/scalameta/tokenizers_2.12/4.0.0/tokenizers_2.12-4.0.0.pom
Downloaded https://repo1.maven.org/maven2/org/scalameta/trees_2.12/4.0.0/trees_2.12-4.0.0.pom
Downloading https://repo1.maven.org/maven2/org/scalameta/tokenizers_2.12/4.0.0/tokenizers_2.12-4.0.0.pom.sha1
Downloaded https://repo1.maven.org/maven2/org/scalameta/io_2.12/4.0.0/io_2.12-4.0.0.pom
Downloading https://repo1.maven.org/maven2/org/scalameta/dialects_2.12/4.0.0/dialects_2.12-4.0.0.pom
Downloaded https://repo1.maven.org/maven2/org/scalameta/io_2.12/4.0.0/io_2.12-4.0.0.pom.sha1
Downloading https://repo1.maven.org/maven2/org/scalameta/dialects_2.12/4.0.0/dialects_2.12-4.0.0.pom.sha1
Downloaded https://repo1.maven.org/maven2/org/typelevel/paiges-core_2.12/0.2.0/paiges-core_2.12-0.2.0.pom.sha1
Downloading https://repo1.maven.org/maven2/org/scalameta/parsers_2.12/4.0.0/parsers_2.12-4.0.0.pom
Downloaded https://repo1.maven.org/maven2/org/scalameta/tokenizers_2.12/4.0.0/tokenizers_2.12-4.0.0.pom
Downloaded https://repo1.maven.org/maven2/org/scalameta/tokenizers_2.12/4.0.0/tokenizers_2.12-4.0.0.pom.sha1
Downloading https://repo1.maven.org/maven2/org/scalameta/transversers_2.12/4.0.0/transversers_2.12-4.0.0.pom
Downloading https://repo1.maven.org/maven2/org/scalameta/parsers_2.12/4.0.0/parsers_2.12-4.0.0.pom.sha1
Downloaded https://repo1.maven.org/maven2/org/scalameta/dialects_2.12/4.0.0/dialects_2.12-4.0.0.pom
Downloading https://repo1.maven.org/maven2/org/scalameta/transversers_2.12/4.0.0/transversers_2.12-4.0.0.pom.sha1
Downloaded https://repo1.maven.org/maven2/org/scalameta/dialects_2.12/4.0.0/dialects_2.12-4.0.0.pom.sha1
Downloading https://repo1.maven.org/maven2/org/scalameta/common_2.12/4.0.0/common_2.12-4.0.0.pom.sha1
Downloaded https://repo1.maven.org/maven2/org/scalameta/parsers_2.12/4.0.0/parsers_2.12-4.0.0.pom
Downloading https://repo1.maven.org/maven2/org/scalameta/common_2.12/4.0.0/common_2.12-4.0.0.pom
Downloaded https://repo1.maven.org/maven2/org/scalameta/trees_2.12/4.0.0/trees_2.12-4.0.0.pom.sha1
Downloading https://repo1.maven.org/maven2/org/scalameta/quasiquotes_2.12/4.0.0/quasiquotes_2.12-4.0.0.pom.sha1
Downloaded https://repo1.maven.org/maven2/org/scalameta/transversers_2.12/4.0.0/transversers_2.12-4.0.0.pom
Downloading https://repo1.maven.org/maven2/org/scalameta/quasiquotes_2.12/4.0.0/quasiquotes_2.12-4.0.0.pom
Downloaded https://repo1.maven.org/maven2/org/scalameta/transversers_2.12/4.0.0/transversers_2.12-4.0.0.pom.sha1
Downloading https://repo1.maven.org/maven2/com/typesafe/config/1.2.1/config-1.2.1.pom
Downloaded https://repo1.maven.org/maven2/org/scalameta/parsers_2.12/4.0.0/parsers_2.12-4.0.0.pom.sha1
Downloading https://repo1.maven.org/maven2/com/typesafe/config/1.2.1/config-1.2.1.pom.sha1
Downloaded https://repo1.maven.org/maven2/org/scalameta/common_2.12/4.0.0/common_2.12-4.0.0.pom.sha1
Downloading https://repo1.maven.org/maven2/org/scalameta/inputs_2.12/4.0.0/inputs_2.12-4.0.0.pom
Downloaded https://repo1.maven.org/maven2/org/scalameta/common_2.12/4.0.0/common_2.12-4.0.0.pom
Downloading https://repo1.maven.org/maven2/org/scalameta/inputs_2.12/4.0.0/inputs_2.12-4.0.0.pom.sha1
Downloaded https://repo1.maven.org/maven2/org/scalameta/quasiquotes_2.12/4.0.0/quasiquotes_2.12-4.0.0.pom.sha1
Downloading https://repo1.maven.org/maven2/org/scalameta/io_2.12/4.0.0/
Downloaded https://repo1.maven.org/maven2/org/scalameta/quasiquotes_2.12/4.0.0/quasiquotes_2.12-4.0.0.pom
Downloading https://repo1.maven.org/maven2/org/typelevel/paiges-core_2.12/0.2.0/
Downloaded https://repo1.maven.org/maven2/com/typesafe/config/1.2.1/config-1.2.1.pom.sha1
Downloaded https://repo1.maven.org/maven2/com/typesafe/config/1.2.1/config-1.2.1.pom
Downloading https://repo1.maven.org/maven2/org/scalameta/tokenizers_2.12/4.0.0/
Downloading https://repo1.maven.org/maven2/org/scalameta/dialects_2.12/4.0.0/
Downloaded https://repo1.maven.org/maven2/org/scalameta/inputs_2.12/4.0.0/inputs_2.12-4.0.0.pom.sha1
Downloading https://repo1.maven.org/maven2/com/lihaoyi/pprint_2.12/0.5.3/
Downloaded https://repo1.maven.org/maven2/org/scalameta/inputs_2.12/4.0.0/inputs_2.12-4.0.0.pom
Downloading https://repo1.maven.org/maven2/org/scalameta/transversers_2.12/4.0.0/
Downloaded https://repo1.maven.org/maven2/org/scalameta/io_2.12/4.0.0/
Downloading https://repo1.maven.org/maven2/org/scalameta/trees_2.12/4.0.0/
Downloaded https://repo1.maven.org/maven2/org/typelevel/paiges-core_2.12/0.2.0/
Downloading https://repo1.maven.org/maven2/org/scalameta/parsers_2.12/4.0.0/
Downloaded https://repo1.maven.org/maven2/org/scalameta/dialects_2.12/4.0.0/
Downloading https://repo1.maven.org/maven2/org/scalameta/quasiquotes_2.12/4.0.0/
Downloaded https://repo1.maven.org/maven2/org/scalameta/tokenizers_2.12/4.0.0/
Downloading https://repo1.maven.org/maven2/com/typesafe/config/1.2.1/
Downloaded https://repo1.maven.org/maven2/com/lihaoyi/pprint_2.12/0.5.3/
Downloading https://repo1.maven.org/maven2/org/scalameta/common_2.12/4.0.0/
Downloaded https://repo1.maven.org/maven2/org/scalameta/transversers_2.12/4.0.0/
Downloading https://repo1.maven.org/maven2/org/scalameta/inputs_2.12/4.0.0/
Downloaded https://repo1.maven.org/maven2/org/scalameta/trees_2.12/4.0.0/
Downloaded https://repo1.maven.org/maven2/org/scalameta/parsers_2.12/4.0.0/
Downloaded https://repo1.maven.org/maven2/org/scalameta/quasiquotes_2.12/4.0.0/
Downloaded https://repo1.maven.org/maven2/org/scalameta/common_2.12/4.0.0/
Downloaded https://repo1.maven.org/maven2/com/typesafe/config/1.2.1/
Downloaded https://repo1.maven.org/maven2/org/scalameta/inputs_2.12/4.0.0/
Downloading https://repo1.maven.org/maven2/org/scalameta/tokens_2.12/4.0.0/tokens_2.12-4.0.0.pom
Downloading https://repo1.maven.org/maven2/org/scalameta/tokens_2.12/4.0.0/tokens_2.12-4.0.0.pom.sha1
Downloading https://repo1.maven.org/maven2/com/lihaoyi/sourcecode_2.12/0.1.4/
Downloading https://repo1.maven.org/maven2/org/scalameta/semanticdb_2.12/4.0.0/semanticdb_2.12-4.0.0.pom.sha1
Downloading https://repo1.maven.org/maven2/org/scalameta/semanticdb_2.12/4.0.0/semanticdb_2.12-4.0.0.pom
Downloading https://repo1.maven.org/maven2/com/lihaoyi/fansi_2.12/0.2.5/
Downloaded https://repo1.maven.org/maven2/com/lihaoyi/sourcecode_2.12/0.1.4/
Downloading https://repo1.maven.org/maven2/com/lihaoyi/fastparse_2.12/1.0.0/
Downloaded https://repo1.maven.org/maven2/org/scalameta/semanticdb_2.12/4.0.0/semanticdb_2.12-4.0.0.pom.sha1
Downloaded https://repo1.maven.org/maven2/org/scalameta/tokens_2.12/4.0.0/tokens_2.12-4.0.0.pom
Downloaded https://repo1.maven.org/maven2/org/scalameta/semanticdb_2.12/4.0.0/semanticdb_2.12-4.0.0.pom
Downloaded https://repo1.maven.org/maven2/org/scalameta/tokens_2.12/4.0.0/tokens_2.12-4.0.0.pom.sha1
Downloading https://repo1.maven.org/maven2/org/scalameta/semanticdb_2.12/4.0.0/
Downloading https://repo1.maven.org/maven2/org/scalameta/tokens_2.12/4.0.0/
Downloaded https://repo1.maven.org/maven2/com/lihaoyi/fastparse_2.12/1.0.0/
Downloaded https://repo1.maven.org/maven2/org/scalameta/semanticdb_2.12/4.0.0/
Downloaded https://repo1.maven.org/maven2/org/scalameta/tokens_2.12/4.0.0/
Downloaded https://repo1.maven.org/maven2/com/lihaoyi/fansi_2.12/0.2.5/
Downloading https://repo1.maven.org/maven2/com/lihaoyi/fastparse-utils_2.12/1.0.0/
Downloaded https://repo1.maven.org/maven2/com/lihaoyi/fastparse-utils_2.12/1.0.0/
ERROR scalafmt: /Users/smurtazin/Programming/Go/Proj1/ScalaFunc2Tuple.scala:2: error: expected class or object definition
def tupleF[F[_], A, B] (els1: F[A], el2: F[B]) (implicit: F[(A, B)]) = {
^
ERROR scalafmt: /Users/smurtazin/Programming/Go/Proj1/ScalaFunc2Tuple.scala:2: error: expected class or object definition
def tupleF[F[_], A, B] (els1: F[A], el2: F[B]) (implicit: F[(A, B)]) = {
^
ERROR scalafmt: /Users/smurtazin/Programming/Go/Proj1/ScalaFunc2Tuple.scala:2: error: expected class or object definition
def tupleF[F[_], A, B] (els1: F[A], el2: F[B]) (implicit: F[(A, B)]) = {
^
WARN  no build target: /Users/smurtazin/Programming/Go/Proj1/ScalaFunc2Tuple.scala
WARN  no build target: 
WARN  no build target: /Users/smurtazin/Programming/Go/Proj1/ScalaFunc2Tuple.scala
WARN  no build target: 
